#
# There is insufficient memory for the Java Runtime Environment to continue.
# Native memory allocation (malloc) failed to allocate 1046816 bytes for Chunk::new
# Possible reasons:
#   The system is out of physical RAM or swap space
#   The process is running with CompressedOops enabled, and the Java Heap may be blocking the growth of the native heap
# Possible solutions:
#   Reduce memory load on the system
#   Increase physical memory or swap space
#   Check if swap backing store is full
#   Decrease Java heap size (-Xmx/-Xms)
#   Decrease number of Java threads
#   Decrease Java thread stack sizes (-Xss)
#   Set larger code cache with -XX:ReservedCodeCacheSize=
#   JVM is running with Unscaled Compressed Oops mode in which the Java heap is
#     placed in the first 4GB address space. The Java Heap base address is the
#     maximum limit for the native heap growth. Please use -XX:HeapBaseMinAddress
#     to set the Java Heap base and to place the Java Heap above 4GB virtual address.
# This output file may be truncated or incomplete.
#
#  Out of Memory Error (allocation.cpp:389), pid=20124, tid=0x000000000000070c
#
# JRE version: OpenJDK Runtime Environment (8.0_212-b04) (build 1.8.0_212-release-1586-b04)
# Java VM: OpenJDK 64-Bit Server VM (25.212-b04 mixed mode windows-amd64 compressed oops)
# Failed to write core dump. Minidumps are not enabled by default on client versions of Windows
#

---------------  T H R E A D  ---------------

Current thread (0x000000001865e800):  JavaThread "C2 CompilerThread0" daemon [_thread_in_native, id=1804, stack(0x0000000018f60000,0x0000000019060000)]

Stack: [0x0000000018f60000,0x0000000019060000]
[error occurred during error reporting (printing stack bounds), id 0xc0000005]

Native frames: (J=compiled Java code, j=interpreted, Vv=VM code, C=native code)


Current CompileTask:
C2:   4693 2433       4       java.net.URLClassLoader$1::run (5 bytes)


---------------  P R O C E S S  ---------------

Java Threads: ( => current thread )
  0x000000001b1d2800 JavaThread "Cache worker for cache directory md-rule (C:\Users\12\.gradle\caches\5.6.4\md-rule)" [_thread_blocked, id=7288, stack(0x00000000215e0000,0x00000000216e0000)]
  0x000000001b1d1000 JavaThread "Cache worker for cache directory md-supplier (C:\Users\12\.gradle\caches\5.6.4\md-supplier)" [_thread_blocked, id=3268, stack(0x00000000214e0000,0x00000000215e0000)]
  0x000000001b1ce000 JavaThread "Cache worker for file hash cache (C:\Users\12\Health_Care\.gradle\5.6.4\fileHashes)" [_thread_blocked, id=17844, stack(0x000000001d5b0000,0x000000001d6b0000)]
  0x000000001b1d2000 JavaThread "Cache worker for journal cache (C:\Users\12\.gradle\caches\journal-1)" [_thread_blocked, id=15068, stack(0x000000001d4b0000,0x000000001d5b0000)]
  0x000000001b1d5000 JavaThread "File lock request listener" [_thread_in_native, id=20424, stack(0x000000001d3b0000,0x000000001d4b0000)]
  0x000000001b21b800 JavaThread "Cache worker for file hash cache (C:\Users\12\.gradle\caches\5.6.4\fileHashes)" [_thread_blocked, id=8380, stack(0x000000001d0b0000,0x000000001d1b0000)]
  0x000000001b129000 JavaThread "Thread-9" [_thread_blocked, id=9256, stack(0x000000001cfb0000,0x000000001d0b0000)]
  0x000000001b0cc000 JavaThread "Stdin handler" [_thread_blocked, id=14256, stack(0x000000001ceb0000,0x000000001cfb0000)]
  0x000000001b15c000 JavaThread "Asynchronous log dispatcher for DefaultDaemonConnection: socket connection from /127.0.0.1:58185 to /127.0.0.1:58186" [_thread_blocked, id=19808, stack(0x000000001ccb0000,0x000000001cdb0000)]
  0x000000001b15b000 JavaThread "Daemon worker" [_thread_in_vm, id=7220, stack(0x000000001cbb0000,0x000000001ccb0000)]
  0x000000001b15a000 JavaThread "Cancel handler" [_thread_blocked, id=19700, stack(0x000000001cab0000,0x000000001cbb0000)]
  0x000000001b02f000 JavaThread "Handler for socket connection from /127.0.0.1:58185 to /127.0.0.1:58186" [_thread_in_native, id=17264, stack(0x000000001c7b0000,0x000000001c8b0000)]
  0x000000001b05e000 JavaThread "Daemon" [_thread_blocked, id=8020, stack(0x000000001c6b0000,0x000000001c7b0000)]
  0x000000001b04b000 JavaThread "Daemon periodic checks" [_thread_blocked, id=10396, stack(0x000000001c5b0000,0x000000001c6b0000)]
  0x000000001b046000 JavaThread "Incoming local TCP Connector on port 58185" [_thread_in_native, id=19972, stack(0x000000001c340000,0x000000001c440000)]
  0x000000001afaf800 JavaThread "Daemon health stats" [_thread_blocked, id=19276, stack(0x000000001bd00000,0x000000001be00000)]
  0x00000000186f8000 JavaThread "Service Thread" daemon [_thread_blocked, id=20388, stack(0x0000000019360000,0x0000000019460000)]
  0x0000000018672000 JavaThread "C1 CompilerThread3" daemon [_thread_blocked, id=13876, stack(0x0000000019260000,0x0000000019360000)]
  0x000000001866f000 JavaThread "C2 CompilerThread2" daemon [_thread_in_native, id=21228, stack(0x0000000019160000,0x0000000019260000)]
  0x0000000018661800 JavaThread "C2 CompilerThread1" daemon [_thread_in_native, id=20856, stack(0x0000000019060000,0x0000000019160000)]
=>0x000000001865e800 JavaThread "C2 CompilerThread0" daemon [_thread_in_native, id=1804, stack(0x0000000018f60000,0x0000000019060000)]
  0x000000001865d000 JavaThread "Attach Listener" daemon [_thread_blocked, id=15604, stack(0x0000000018e60000,0x0000000018f60000)]
  0x000000001865b800 JavaThread "Signal Dispatcher" daemon [_thread_blocked, id=1428, stack(0x0000000018d60000,0x0000000018e60000)]
  0x0000000002a9e000 JavaThread "Finalizer" daemon [_thread_blocked, id=16840, stack(0x0000000018b30000,0x0000000018c30000)]
  0x0000000002a97000 JavaThread "Reference Handler" daemon [_thread_blocked, id=21432, stack(0x0000000018a30000,0x0000000018b30000)]
  0x000000000299d800 JavaThread "main" [_thread_blocked, id=2040, stack(0x0000000002800000,0x0000000002900000)]

Other Threads:
  0x0000000016856000 VMThread [stack: 0x0000000018530000,0x0000000018630000] [id=19244]
  0x00000000186f8800 WatcherThread [stack: 0x0000000019460000,0x0000000019560000] [id=21252]

VM state:not at safepoint (normal execution)

VM Mutex/Monitor currently owned by a thread: None

heap address: 0x00000000a0000000, size: 1536 MB, Compressed Oops mode: 32-bit
Narrow klass base: 0x0000000000000000, Narrow klass shift: 3
Compressed class space size: 1073741824 Address: 0x0000000100000000

Heap:
 PSYoungGen      total 81920K, used 61875K [0x00000000e0000000, 0x00000000e7e80000, 0x0000000100000000)
  eden space 78336K, 78% used [0x00000000e0000000,0x00000000e3c6cc30,0x00000000e4c80000)
  from space 3584K, 0% used [0x00000000e7b00000,0x00000000e7b00000,0x00000000e7e80000)
  to   space 14336K, 0% used [0x00000000e6280000,0x00000000e6280000,0x00000000e7080000)
 ParOldGen       total 89088K, used 11603K [0x00000000a0000000, 0x00000000a5700000, 0x00000000e0000000)
  object space 89088K, 13% used [0x00000000a0000000,0x00000000a0b54d10,0x00000000a5700000)
 Metaspace       used 30565K, capacity 31160K, committed 31360K, reserved 1077248K
  class space    used 4156K, capacity 4367K, committed 4480K, reserved 1048576K

Card table byte_map: [0x0000000011e60000,0x0000000012170000] byte_map_base: 0x0000000011960000

Marking Bits: (ParMarkBitMap*) 0x0000000054359f30
 Begin Bits: [0x0000000012b70000, 0x0000000014370000)
 End Bits:   [0x0000000014370000, 0x0000000015b70000)

Polling page: 0x0000000000f70000

CodeCache: size=245760Kb used=9250Kb max_used=9250Kb free=236509Kb
 bounds [0x0000000002aa0000, 0x00000000033c0000, 0x0000000011aa0000]
 total_blobs=3123 nmethods=2445 adapters=591
 compilation: enabled

Compilation events (10 events):
Event: 4.681 Thread 0x0000000018672000 nmethod 2442 0x00000000033a7dd0 code [0x00000000033a8000, 0x00000000033a8bf8]
Event: 4.681 Thread 0x0000000018672000 2443       3       com.google.common.collect.ImmutableCollection$ArrayBasedBuilder::getReadyToExpandTo (64 bytes)
Event: 4.681 Thread 0x0000000018672000 nmethod 2443 0x00000000033a4490 code [0x00000000033a4640, 0x00000000033a4b88]
Event: 4.681 Thread 0x0000000018672000 2441       3       sun.reflect.generics.parser.SignatureParser::parseFormalParameters (47 bytes)
Event: 4.681 Thread 0x0000000018672000 nmethod 2441 0x00000000033a7710 code [0x00000000033a78e0, 0x00000000033a7c48]
Event: 4.685 Thread 0x000000001866f000 nmethod 2438 0x00000000033ab090 code [0x00000000033ab2a0, 0x00000000033ab9e8]
Event: 4.691 Thread 0x000000001866f000 2444   !   4       java.util.zip.ZipFile::getInputStream (304 bytes)
Event: 4.691 Thread 0x0000000018672000 2445       3       org.gradle.internal.instantiation.AbstractClassGenerator$ClassMetadata::resolveTypeVariables (19 bytes)
Event: 4.691 Thread 0x0000000018672000 nmethod 2445 0x00000000033a7190 code [0x00000000033a7300, 0x00000000033a75c8]
Event: 4.691 Thread 0x0000000018672000 2446       3       org.gradle.internal.reflect.JavaPropertyReflectionUtil::resolveMethodReturnType (44 bytes)

GC Heap History (10 events):
Event: 3.483 GC heap before
{Heap before GC invocations=5 (full 1):
 PSYoungGen      total 74752K, used 7687K [0x00000000e0000000, 0x00000000e9200000, 0x0000000100000000)
  eden space 64512K, 0% used [0x00000000e0000000,0x00000000e0000000,0x00000000e3f00000)
  from space 10240K, 75% used [0x00000000e4900000,0x00000000e5081f58,0x00000000e5300000)
  to   space 10240K, 0% used [0x00000000e3f00000,0x00000000e3f00000,0x00000000e4900000)
 ParOldGen       total 171008K, used 1886K [0x00000000a0000000, 0x00000000aa700000, 0x00000000e0000000)
  object space 171008K, 1% used [0x00000000a0000000,0x00000000a01d79d0,0x00000000aa700000)
 Metaspace       used 20629K, capacity 21174K, committed 21296K, reserved 1067008K
  class space    used 2976K, capacity 3133K, committed 3200K, reserved 1048576K
Event: 3.517 GC heap after
Heap after GC invocations=5 (full 1):
 PSYoungGen      total 74752K, used 0K [0x00000000e0000000, 0x00000000e9200000, 0x0000000100000000)
  eden space 64512K, 0% used [0x00000000e0000000,0x00000000e0000000,0x00000000e3f00000)
  from space 10240K, 0% used [0x00000000e4900000,0x00000000e4900000,0x00000000e5300000)
  to   space 10240K, 0% used [0x00000000e3f00000,0x00000000e3f00000,0x00000000e4900000)
 ParOldGen       total 89088K, used 7456K [0x00000000a0000000, 0x00000000a5700000, 0x00000000e0000000)
  object space 89088K, 8% used [0x00000000a0000000,0x00000000a0748140,0x00000000a5700000)
 Metaspace       used 20629K, capacity 21174K, committed 21296K, reserved 1067008K
  class space    used 2976K, capacity 3133K, committed 3200K, reserved 1048576K
}
Event: 3.800 GC heap before
{Heap before GC invocations=6 (full 1):
 PSYoungGen      total 74752K, used 13218K [0x00000000e0000000, 0x00000000e9200000, 0x0000000100000000)
  eden space 64512K, 20% used [0x00000000e0000000,0x00000000e0ce8920,0x00000000e3f00000)
  from space 10240K, 0% used [0x00000000e4900000,0x00000000e4900000,0x00000000e5300000)
  to   space 10240K, 0% used [0x00000000e3f00000,0x00000000e3f00000,0x00000000e4900000)
 ParOldGen       total 89088K, used 7456K [0x00000000a0000000, 0x00000000a5700000, 0x00000000e0000000)
  object space 89088K, 8% used [0x00000000a0000000,0x00000000a0748140,0x00000000a5700000)
 Metaspace       used 24174K, capacity 24694K, committed 24832K, reserved 1075200K
  class space    used 3356K, capacity 3517K, committed 3584K, reserved 1048576K
Event: 3.803 GC heap after
Heap after GC invocations=6 (full 1):
 PSYoungGen      total 74752K, used 3049K [0x00000000e0000000, 0x00000000e8900000, 0x0000000100000000)
  eden space 64512K, 0% used [0x00000000e0000000,0x00000000e0000000,0x00000000e3f00000)
  from space 10240K, 29% used [0x00000000e3f00000,0x00000000e41fa550,0x00000000e4900000)
  to   space 14336K, 0% used [0x00000000e7b00000,0x00000000e7b00000,0x00000000e8900000)
 ParOldGen       total 89088K, used 7464K [0x00000000a0000000, 0x00000000a5700000, 0x00000000e0000000)
  object space 89088K, 8% used [0x00000000a0000000,0x00000000a074a140,0x00000000a5700000)
 Metaspace       used 24174K, capacity 24694K, committed 24832K, reserved 1075200K
  class space    used 3356K, capacity 3517K, committed 3584K, reserved 1048576K
}
Event: 3.803 GC heap before
{Heap before GC invocations=7 (full 2):
 PSYoungGen      total 74752K, used 3049K [0x00000000e0000000, 0x00000000e8900000, 0x0000000100000000)
  eden space 64512K, 0% used [0x00000000e0000000,0x00000000e0000000,0x00000000e3f00000)
  from space 10240K, 29% used [0x00000000e3f00000,0x00000000e41fa550,0x00000000e4900000)
  to   space 14336K, 0% used [0x00000000e7b00000,0x00000000e7b00000,0x00000000e8900000)
 ParOldGen       total 89088K, used 7464K [0x00000000a0000000, 0x00000000a5700000, 0x00000000e0000000)
  object space 89088K, 8% used [0x00000000a0000000,0x00000000a074a140,0x00000000a5700000)
 Metaspace       used 24174K, capacity 24694K, committed 24832K, reserved 1075200K
  class space    used 3356K, capacity 3517K, committed 3584K, reserved 1048576K
Event: 3.851 GC heap after
Heap after GC invocations=7 (full 2):
 PSYoungGen      total 74752K, used 0K [0x00000000e0000000, 0x00000000e8900000, 0x0000000100000000)
  eden space 64512K, 0% used [0x00000000e0000000,0x00000000e0000000,0x00000000e3f00000)
  from space 10240K, 0% used [0x00000000e3f00000,0x00000000e3f00000,0x00000000e4900000)
  to   space 14336K, 0% used [0x00000000e7b00000,0x00000000e7b00000,0x00000000e8900000)
 ParOldGen       total 89088K, used 9947K [0x00000000a0000000, 0x00000000a5700000, 0x00000000e0000000)
  object space 89088K, 11% used [0x00000000a0000000,0x00000000a09b6f70,0x00000000a5700000)
 Metaspace       used 24174K, capacity 24694K, committed 24832K, reserved 1073152K
  class space    used 3356K, capacity 3517K, committed 3584K, reserved 1048576K
}
Event: 4.158 GC heap before
{Heap before GC invocations=8 (full 2):
 PSYoungGen      total 74752K, used 29775K [0x00000000e0000000, 0x00000000e8900000, 0x0000000100000000)
  eden space 64512K, 46% used [0x00000000e0000000,0x00000000e1d13f88,0x00000000e3f00000)
  from space 10240K, 0% used [0x00000000e3f00000,0x00000000e3f00000,0x00000000e4900000)
  to   space 14336K, 0% used [0x00000000e7b00000,0x00000000e7b00000,0x00000000e8900000)
 ParOldGen       total 89088K, used 9947K [0x00000000a0000000, 0x00000000a5700000, 0x00000000e0000000)
  object space 89088K, 11% used [0x00000000a0000000,0x00000000a09b6f70,0x00000000a5700000)
 Metaspace       used 26916K, capacity 27502K, committed 27648K, reserved 1075200K
  class space    used 3648K, capacity 3810K, committed 3840K, reserved 1048576K
Event: 4.161 GC heap after
Heap after GC invocations=8 (full 2):
 PSYoungGen      total 81920K, used 3090K [0x00000000e0000000, 0x00000000e7e80000, 0x0000000100000000)
  eden space 78336K, 0% used [0x00000000e0000000,0x00000000e0000000,0x00000000e4c80000)
  from space 3584K, 86% used [0x00000000e7b00000,0x00000000e7e04a18,0x00000000e7e80000)
  to   space 14336K, 0% used [0x00000000e6280000,0x00000000e6280000,0x00000000e7080000)
 ParOldGen       total 89088K, used 9955K [0x00000000a0000000, 0x00000000a5700000, 0x00000000e0000000)
  object space 89088K, 11% used [0x00000000a0000000,0x00000000a09b8f70,0x00000000a5700000)
 Metaspace       used 26916K, capacity 27502K, committed 27648K, reserved 1075200K
  class space    used 3648K, capacity 3810K, committed 3840K, reserved 1048576K
}
Event: 4.161 GC heap before
{Heap before GC invocations=9 (full 3):
 PSYoungGen      total 81920K, used 3090K [0x00000000e0000000, 0x00000000e7e80000, 0x0000000100000000)
  eden space 78336K, 0% used [0x00000000e0000000,0x00000000e0000000,0x00000000e4c80000)
  from space 3584K, 86% used [0x00000000e7b00000,0x00000000e7e04a18,0x00000000e7e80000)
  to   space 14336K, 0% used [0x00000000e6280000,0x00000000e6280000,0x00000000e7080000)
 ParOldGen       total 89088K, used 9955K [0x00000000a0000000, 0x00000000a5700000, 0x00000000e0000000)
  object space 89088K, 11% used [0x00000000a0000000,0x00000000a09b8f70,0x00000000a5700000)
 Metaspace       used 26916K, capacity 27502K, committed 27648K, reserved 1075200K
  class space    used 3648K, capacity 3810K, committed 3840K, reserved 1048576K
Event: 4.262 GC heap after
Heap after GC invocations=9 (full 3):
 PSYoungGen      total 81920K, used 0K [0x00000000e0000000, 0x00000000e7e80000, 0x0000000100000000)
  eden space 78336K, 0% used [0x00000000e0000000,0x00000000e0000000,0x00000000e4c80000)
  from space 3584K, 0% used [0x00000000e7b00000,0x00000000e7b00000,0x00000000e7e80000)
  to   space 14336K, 0% used [0x00000000e6280000,0x00000000e6280000,0x00000000e7080000)
 ParOldGen       total 89088K, used 11603K [0x00000000a0000000, 0x00000000a5700000, 0x00000000e0000000)
  object space 89088K, 13% used [0x00000000a0000000,0x00000000a0b54d10,0x00000000a5700000)
 Metaspace       used 26916K, capacity 27502K, committed 27648K, reserved 1075200K
  class space    used 3648K, capacity 3810K, committed 3840K, reserved 1048576K
}

Deoptimization events (10 events):
Event: 3.925 Thread 0x000000001b15b000 Uncommon trap: reason=class_check action=maybe_recompile pc=0x00000000030ec11c method=sun.misc.URLClassPath.getLoader(I)Lsun/misc/URLClassPath$Loader; @ 239
Event: 3.935 Thread 0x000000001b15b000 Uncommon trap: reason=class_check action=maybe_recompile pc=0x00000000030ec11c method=sun.misc.URLClassPath.getLoader(I)Lsun/misc/URLClassPath$Loader; @ 239
Event: 4.114 Thread 0x000000001b15b000 Uncommon trap: reason=unstable_if action=reinterpret pc=0x0000000002f6fc60 method=java.util.HashMap.hash(Ljava/lang/Object;)I @ 1
Event: 4.273 Thread 0x000000001b15b000 Uncommon trap: reason=unstable_if action=reinterpret pc=0x0000000002d207f8 method=java.util.HashMap.getNode(ILjava/lang/Object;)Ljava/util/HashMap$Node; @ 53
Event: 4.273 Thread 0x000000001b15b000 Uncommon trap: reason=unstable_if action=reinterpret pc=0x0000000002f31dd4 method=java.util.HashMap.hash(Ljava/lang/Object;)I @ 1
Event: 4.307 Thread 0x000000001b15b000 Uncommon trap: reason=unstable_if action=reinterpret pc=0x0000000002d63c30 method=java.util.LinkedHashMap.afterNodeInsertion(Z)V @ 1
Event: 4.446 Thread 0x000000001b15b000 Uncommon trap: reason=class_check action=maybe_recompile pc=0x00000000030ec008 method=sun.misc.URLClassPath.getLoader(I)Lsun/misc/URLClassPath$Loader; @ 94
Event: 4.450 Thread 0x000000001b15b000 Uncommon trap: reason=class_check action=maybe_recompile pc=0x00000000030efa78 method=sun.misc.URLClassPath.getLoader(I)Lsun/misc/URLClassPath$Loader; @ 239
Event: 4.513 Thread 0x000000001b15b000 Uncommon trap: reason=unstable_if action=reinterpret pc=0x0000000002d3390c method=java.io.WinNTFileSystem.resolve(Ljava/lang/String;Ljava/lang/String;)Ljava/lang/String; @ 49
Event: 4.546 Thread 0x000000001b15b000 Uncommon trap: reason=unstable_if action=reinterpret pc=0x0000000003359f34 method=org.codehaus.groovy.runtime.metaclass.MetaMethodIndex.addMethodToList(Ljava/lang/Object;Lgroovy/lang/MetaMethod;)Ljava/lang/Object; @ 226

Classes redefined (0 events):
No events

Internal exceptions (10 events):
Event: 4.558 Thread 0x000000001b15b000 Exception <a 'java/lang/ClassNotFoundException': org/gradle/api/internal/DefaultNamedDomainObjectCollectionBeanInfo> (0x00000000e2690ac8) thrown at [D:\src\AOSP-openjdk-cygwin\jdk8u\hotspot\src\share\vm\classfile\systemDictionary.cpp, line 210]
Event: 4.558 Thread 0x000000001b15b000 Exception <a 'java/lang/ClassNotFoundException': org/gradle/api/internal/DefaultDomainObjectCollectionBeanInfo> (0x00000000e26c4b50) thrown at [D:\src\AOSP-openjdk-cygwin\jdk8u\hotspot\src\share\vm\classfile\systemDictionary.cpp, line 210]
Event: 4.558 Thread 0x000000001b15b000 Exception <a 'java/lang/ClassNotFoundException': java/util/AbstractCollectionBeanInfo> (0x00000000e26c92a8) thrown at [D:\src\AOSP-openjdk-cygwin\jdk8u\hotspot\src\share\vm\classfile\systemDictionary.cpp, line 210]
Event: 4.558 Thread 0x000000001b15b000 Exception <a 'java/lang/ClassNotFoundException': java/util/AbstractCollectionCustomizer> (0x00000000e26cda10) thrown at [D:\src\AOSP-openjdk-cygwin\jdk8u\hotspot\src\share\vm\classfile\systemDictionary.cpp, line 210]
Event: 4.560 Thread 0x000000001b15b000 Exception <a 'java/lang/ClassNotFoundException': org/gradle/api/internal/DefaultDomainObjectCollectionCustomizer> (0x00000000e270d120) thrown at [D:\src\AOSP-openjdk-cygwin\jdk8u\hotspot\src\share\vm\classfile\systemDictionary.cpp, line 210]
Event: 4.562 Thread 0x000000001b15b000 Exception <a 'java/lang/ClassNotFoundException': org/gradle/api/internal/DefaultNamedDomainObjectCollectionCustomizer> (0x00000000e276b100) thrown at [D:\src\AOSP-openjdk-cygwin\jdk8u\hotspot\src\share\vm\classfile\systemDictionary.cpp, line 210]
Event: 4.564 Thread 0x000000001b15b000 Exception <a 'java/lang/ClassNotFoundException': org/gradle/api/internal/DefaultNamedDomainObjectListCustomizer> (0x00000000e27deb40) thrown at [D:\src\AOSP-openjdk-cygwin\jdk8u\hotspot\src\share\vm\classfile\systemDictionary.cpp, line 210]
Event: 4.566 Thread 0x000000001b15b000 Exception <a 'java/lang/ClassNotFoundException': org/gradle/api/internal/artifacts/DefaultArtifactRepositoryContainerCustomizer> (0x00000000e2854238) thrown at [D:\src\AOSP-openjdk-cygwin\jdk8u\hotspot\src\share\vm\classfile\systemDictionary.cpp, line 210
Event: 4.567 Thread 0x000000001b15b000 Exception <a 'java/lang/ClassNotFoundException': org/gradle/api/internal/artifacts/dsl/DefaultRepositoryHandlerCustomizer> (0x00000000e28ba028) thrown at [D:\src\AOSP-openjdk-cygwin\jdk8u\hotspot\src\share\vm\classfile\systemDictionary.cpp, line 210]
Event: 4.569 Thread 0x000000001b15b000 Exception <a 'java/lang/ClassNotFoundException': org/gradle/api/internal/artifacts/dsl/DefaultRepositoryHandler_DecoratedCustomizer> (0x00000000e2936460) thrown at [D:\src\AOSP-openjdk-cygwin\jdk8u\hotspot\src\share\vm\classfile\systemDictionary.cpp, line

Events (10 events):
Event: 4.689 loading class org/gradle/api/internal/artifacts/dsl/MetadataRuleWrapper
Event: 4.689 loading class org/gradle/api/internal/artifacts/dsl/MetadataRuleWrapper done
Event: 4.689 loading class org/gradle/internal/component/external/model/NoOpDerivationStrategy
Event: 4.689 loading class org/gradle/internal/component/external/model/NoOpDerivationStrategy done
Event: 4.689 loading class org/gradle/internal/component/external/model/JavaEcosystemVariantDerivationStrategy
Event: 4.689 loading class org/gradle/internal/component/external/model/JavaEcosystemVariantDerivationStrategy done
Event: 4.690 loading class org/gradle/api/internal/artifacts/dsl/ModuleReplacementsData
Event: 4.690 loading class org/gradle/api/internal/artifacts/dsl/ModuleReplacementsData done
Event: 4.691 loading class org/gradle/api/internal/artifacts/dsl/ComponentModuleMetadataContainer
Event: 4.691 loading class org/gradle/api/internal/artifacts/dsl/ComponentModuleMetadataContainer done


Dynamic libraries:
0x00007ff641730000 - 0x00007ff641761000 	C:\Program Files\Android\Android Studio\jre\bin\java.exe
0x00007ff958a80000 - 0x00007ff958c70000 	C:\WINDOWS\SYSTEM32\ntdll.dll
0x00007ff956bb0000 - 0x00007ff956c62000 	C:\WINDOWS\System32\KERNEL32.DLL
0x00007ff956100000 - 0x00007ff9563a3000 	C:\WINDOWS\System32\KERNELBASE.dll
0x00007ff957f40000 - 0x00007ff957fe3000 	C:\WINDOWS\System32\ADVAPI32.dll
0x00007ff958560000 - 0x00007ff9585fe000 	C:\WINDOWS\System32\msvcrt.dll
0x00007ff9581a0000 - 0x00007ff958237000 	C:\WINDOWS\System32\sechost.dll
0x00007ff9587f0000 - 0x00007ff958910000 	C:\WINDOWS\System32\RPCRT4.dll
0x00007ff958240000 - 0x00007ff9583d4000 	C:\WINDOWS\System32\USER32.dll
0x00007ff955d80000 - 0x00007ff955da1000 	C:\WINDOWS\System32\win32u.dll
0x00007ff9573c0000 - 0x00007ff9573e6000 	C:\WINDOWS\System32\GDI32.dll
0x00007ff955b10000 - 0x00007ff955ca4000 	C:\WINDOWS\System32\gdi32full.dll
0x00007ff955ce0000 - 0x00007ff955d7e000 	C:\WINDOWS\System32\msvcp_win.dll
0x00007ff955f80000 - 0x00007ff95607a000 	C:\WINDOWS\System32\ucrtbase.dll
0x00007ff944720000 - 0x00007ff9449a5000 	C:\WINDOWS\WinSxS\amd64_microsoft.windows.common-controls_6595b64144ccf1df_6.0.18362.720_none_e6beb5c51314836b\COMCTL32.dll
0x00007ff957990000 - 0x00007ff957cc6000 	C:\WINDOWS\System32\combase.dll
0x00007ff956080000 - 0x00007ff956100000 	C:\WINDOWS\System32\bcryptPrimitives.dll
0x00007ff958520000 - 0x00007ff95854e000 	C:\WINDOWS\System32\IMM32.DLL
0x00000000539d0000 - 0x0000000053aa2000 	C:\Program Files\Android\Android Studio\jre\jre\bin\msvcr100.dll
0x0000000053b90000 - 0x00000000543d6000 	C:\Program Files\Android\Android Studio\jre\jre\bin\server\jvm.dll
0x00007ff958660000 - 0x00007ff958668000 	C:\WINDOWS\System32\PSAPI.DLL
0x00007ff950980000 - 0x00007ff9509a4000 	C:\WINDOWS\SYSTEM32\WINMM.dll
0x00007ff950be0000 - 0x00007ff950be9000 	C:\WINDOWS\SYSTEM32\WSOCK32.dll
0x00007ff954310000 - 0x00007ff95431a000 	C:\WINDOWS\SYSTEM32\VERSION.dll
0x00007ff957e30000 - 0x00007ff957e9f000 	C:\WINDOWS\System32\WS2_32.dll
0x00007ff950930000 - 0x00007ff95095d000 	C:\WINDOWS\SYSTEM32\WINMMBASE.dll
0x00007ff955a10000 - 0x00007ff955a5a000 	C:\WINDOWS\System32\cfgmgr32.dll
0x00007ff94d2e0000 - 0x00007ff94d2ef000 	C:\Program Files\Android\Android Studio\jre\jre\bin\verify.dll
0x00007ff94adb0000 - 0x00007ff94add9000 	C:\Program Files\Android\Android Studio\jre\jre\bin\java.dll
0x00007ff94be30000 - 0x00007ff94be46000 	C:\Program Files\Android\Android Studio\jre\jre\bin\zip.dll
0x00007ff956cd0000 - 0x00007ff9573b5000 	C:\WINDOWS\System32\SHELL32.dll
0x00007ff9573f0000 - 0x00007ff957499000 	C:\WINDOWS\System32\shcore.dll
0x00007ff9563b0000 - 0x00007ff956b30000 	C:\WINDOWS\System32\windows.storage.dll
0x00007ff9559c0000 - 0x00007ff9559e3000 	C:\WINDOWS\System32\profapi.dll
0x00007ff955970000 - 0x00007ff9559ba000 	C:\WINDOWS\System32\powrprof.dll
0x00007ff955940000 - 0x00007ff955950000 	C:\WINDOWS\System32\UMPDC.dll
0x00007ff958600000 - 0x00007ff958652000 	C:\WINDOWS\System32\shlwapi.dll
0x00007ff9559f0000 - 0x00007ff955a01000 	C:\WINDOWS\System32\kernel.appcore.dll
0x00007ff955f00000 - 0x00007ff955f17000 	C:\WINDOWS\System32\cryptsp.dll
0x00007ff9472a0000 - 0x00007ff9472ba000 	C:\Program Files\Android\Android Studio\jre\jre\bin\net.dll
0x00007ff945490000 - 0x00007ff945665000 	C:\WINDOWS\SYSTEM32\urlmon.dll
0x00007ff946d70000 - 0x00007ff947016000 	C:\WINDOWS\SYSTEM32\iertutil.dll
0x00007ff9552e0000 - 0x00007ff9552ec000 	C:\WINDOWS\SYSTEM32\CRYPTBASE.DLL
0x00007ff955160000 - 0x00007ff9551c7000 	C:\WINDOWS\system32\mswsock.dll
0x00007ff945b40000 - 0x00007ff945b53000 	C:\Program Files\Android\Android Studio\jre\jre\bin\nio.dll
0x00007ff938330000 - 0x00007ff938356000 	C:\Users\12\.gradle\native\30\windows-amd64\native-platform.dll
0x00007ff94bf30000 - 0x00007ff94bf3d000 	C:\Program Files\Android\Android Studio\jre\jre\bin\management.dll
0x00007ff954ce0000 - 0x00007ff954d13000 	C:\WINDOWS\system32\rsaenh.dll
0x00007ff955cb0000 - 0x00007ff955cd6000 	C:\WINDOWS\System32\bcrypt.dll
0x00007ff955860000 - 0x00007ff955885000 	C:\WINDOWS\SYSTEM32\USERENV.dll
0x00007ff954e80000 - 0x00007ff954eba000 	C:\WINDOWS\SYSTEM32\IPHLPAPI.DLL
0x00007ff958550000 - 0x00007ff958558000 	C:\WINDOWS\System32\NSI.dll
0x00007ff94e2d0000 - 0x00007ff94e2e6000 	C:\WINDOWS\SYSTEM32\dhcpcsvc6.DLL
0x00007ff94e240000 - 0x00007ff94e25c000 	C:\WINDOWS\SYSTEM32\dhcpcsvc.DLL
0x00007ff954ec0000 - 0x00007ff954f8a000 	C:\WINDOWS\SYSTEM32\DNSAPI.dll

VM Arguments:
jvm_args: -Xmx1536m -Dfile.encoding=windows-1252 -Duser.country=FR -Duser.language=fr -Duser.variant 
java_command: org.gradle.launcher.daemon.bootstrap.GradleDaemon 5.6.4
java_class_path (initial): C:\Users\12\.gradle\wrapper\dists\gradle-5.6.4-all\ankdp27end7byghfw1q2sw75f\gradle-5.6.4\lib\gradle-launcher-5.6.4.jar
Launcher Type: SUN_STANDARD

Environment Variables:
PATH=C:\Program Files (x86)\Common Files\Oracle\Java\javapath;C:\WINDOWS\system32;C:\WINDOWS;C:\WINDOWS\System32\Wbem;C:\WINDOWS\System32\WindowsPowerShell\v1.0\;C:\WINDOWS\System32\OpenSSH\;C:\Program Files\dotnet\;C:\xampp\php;C:\composer;C:\Program Files\nodejs\;C:\Program Files\Git\cmd;C:\Program Files\Git\mingw64\bin;C:\Program Files\Git\usr\bin;C:\HashiCorp\Vagrant\bin;C:\Program Files\Docker\Docker\resources\bin;C:\ProgramData\DockerDesktop\version-bin;C:\Users\12\AppData\Local\Microsoft\WindowsApps;C:\Users\12\AppData\Roaming\Composer\vendor\bin;C:\Users\12\AppData\Local\Programs\Microsoft VS Code\bin;C:\Users\12\AppData\Roaming\npm;C:\Users\12\flutter\bin;C:\Program Files\heroku\bin;C:\Users\12\AppData\Local\GitHubDesktop\bin;C:\Users\12\AppData\Local\Programs\MiKTeX 2.9\miktex\bin\x64\;%USERPROFILE%\AppData\Local\Microsoft\WindowsApps;
USERNAME=12
OS=Windows_NT
PROCESSOR_IDENTIFIER=Intel64 Family 6 Model 60 Stepping 3, GenuineIntel



---------------  S Y S T E M  ---------------

OS: Windows 10.0 , 64 bit Build 18362 (10.0.18362.329)

CPU:total 8 (initial active 8) (4 cores per cpu, 2 threads per core) family 6 model 60 stepping 3, cmov, cx8, fxsr, mmx, sse, sse2, sse3, ssse3, sse4.1, sse4.2, popcnt, avx, avx2, aes, clmul, erms, lzcnt, ht, tsc, tscinvbit, bmi1, bmi2

Memory: 4k page, physical 16376940k(1841696k free), swap 19448940k(5272k free)

vm_info: OpenJDK 64-Bit Server VM (25.212-b04) for windows-amd64 JRE (1.8.0_212-release-1586-b04), built by "builder" with MS VC++ 10.0 (VS2010)

time: Tue Apr 14 12:14:20 2020
timezone: Paris, Madrid (heure d’été)
elapsed time: 4 seconds (0d 0h 0m 4s)

